e:\workspace\smartface-wd\smartface-wd\x64\release\smartface-wd.pch
e:\workspace\smartface-wd\smartface-wd\x64\release\vc120.pdb
e:\workspace\smartface-wd\smartface-wd\x64\release\stdafx.obj
e:\workspace\smartface-wd\smartface-wd\x64\release\timethread.obj
e:\workspace\smartface-wd\smartface-wd\x64\release\smartface-wddlg.obj
e:\workspace\smartface-wd\smartface-wd\x64\release\smartface-wd.obj
e:\workspace\smartface-wd\smartface-wd\x64\release\sharedimagebuffer.obj
e:\workspace\smartface-wd\smartface-wd\x64\release\sdsfaceengine.obj
e:\workspace\smartface-wd\smartface-wd\x64\release\processingthread.obj
e:\workspace\smartface-wd\smartface-wd\x64\release\presenter.obj
e:\workspace\smartface-wd\smartface-wd\x64\release\listpresenter.obj
e:\workspace\smartface-wd\smartface-wd\x64\release\listdialog.obj
e:\workspace\smartface-wd\smartface-wd\x64\release\imagedialog.obj
e:\workspace\smartface-wd\smartface-wd\x64\release\faceenginebuilder.obj
e:\workspace\smartface-wd\smartface-wd\x64\release\faceengine.obj
e:\workspace\smartface-wd\smartface-wd\x64\release\enrollpresenter.obj
e:\workspace\smartface-wd\smartface-wd\x64\release\enrolldialog.obj
e:\workspace\smartface-wd\smartface-wd\x64\release\databasemanager.obj
e:\workspace\smartface-wd\smartface-wd\x64\release\databasehelper.obj
e:\workspace\smartface-wd\smartface-wd\x64\release\cameraverifythread.obj
e:\workspace\smartface-wd\smartface-wd\x64\release\camerathread.obj
e:\workspace\smartface-wd\smartface-wd\x64\release\cameradisplaythread.obj
e:\workspace\smartface-wd\smartface-wd\x64\release\basedialog.obj
e:\workspace\smartface-wd\smartface-wd\x64\release\virtualkeyboarddialog.obj
e:\workspace\smartface-wd\smartface-wd\x64\release\verifypresenter.obj
e:\workspace\smartface-wd\smartface-wd\x64\release\verifydialog.obj
e:\workspace\smartface-wd\smartface-wd\x64\release\utils.obj
e:\workspace\smartface-wd\x64\release\smartface-wd.exe
e:\workspace\smartface-wd\x64\release\smartface-wd.pdb
e:\workspace\smartface-wd\smartface-wd\x64\release\smartface-wd.res
e:\workspace\smartface-wd\smartface-wd\x64\release\smartface-wd.tlog\cl.command.1.tlog
e:\workspace\smartface-wd\smartface-wd\x64\release\smartface-wd.tlog\cl.read.1.tlog
e:\workspace\smartface-wd\smartface-wd\x64\release\smartface-wd.tlog\cl.write.1.tlog
e:\workspace\smartface-wd\smartface-wd\x64\release\smartface-wd.tlog\link.command.1.tlog
e:\workspace\smartface-wd\smartface-wd\x64\release\smartface-wd.tlog\link.read.1.tlog
e:\workspace\smartface-wd\smartface-wd\x64\release\smartface-wd.tlog\link.write.1.tlog
e:\workspace\smartface-wd\smartface-wd\x64\release\smartface-wd.tlog\rc.command.1.tlog
e:\workspace\smartface-wd\smartface-wd\x64\release\smartface-wd.tlog\rc.read.1.tlog
e:\workspace\smartface-wd\smartface-wd\x64\release\smartface-wd.tlog\rc.write.1.tlog
