Build started 1/11/2017 7:02:53 PM.
     1>Project "E:\workspace\SmartFace-WD\SmartFace-WD\SmartFace-WD.vcxproj" on node 2 (Rebuild target(s)).
     1>ClCompile:
         C:\Program Files (x86)\Microsoft Visual Studio 12.0\VC\bin\x86_amd64\CL.exe /c /IE:\software\opencv\build\include /I"E:\software\samsung\sds\SDS-FR\SDK\include" /I"C:\Program Files\MySQL\Connector.C++ 1.1\include" /I"C:\Program Files\MySQL\MySQL Server 5.7\include" /IE:\software\boost_1_63_0\boost_1_63_0\ /Zi /nologo /W3 /WX- /Od /D WIN32 /D _DEBUG /D _CONSOLE /D _UNICODE /D UNICODE /D _AFXDLL /Gm /EHsc /RTC1 /MD /GS /fp:precise /Zc:wchar_t /Zc:forScope /Yc"stdafx.h" /Fp"x64\Debug\SmartFace-WD.pch" /Fo"x64\Debug\\" /Fd"x64\Debug\vc120.pdb" /Gd /TP /errorReport:prompt stdafx.cpp
         stdafx.cpp
         C:\Program Files (x86)\Microsoft Visual Studio 12.0\VC\bin\x86_amd64\CL.exe /c /IE:\software\opencv\build\include /I"E:\software\samsung\sds\SDS-FR\SDK\include" /I"C:\Program Files\MySQL\Connector.C++ 1.1\include" /I"C:\Program Files\MySQL\MySQL Server 5.7\include" /IE:\software\boost_1_63_0\boost_1_63_0\ /Zi /nologo /W3 /WX- /Od /D WIN32 /D _DEBUG /D _CONSOLE /D _UNICODE /D UNICODE /D _AFXDLL /Gm /EHsc /RTC1 /MD /GS /fp:precise /Zc:wchar_t /Zc:forScope /Yu"stdafx.h" /Fp"x64\Debug\SmartFace-WD.pch" /Fo"x64\Debug\\" /Fd"x64\Debug\vc120.pdb" /Gd /TP /errorReport:prompt BaseDialog.cpp CameraDisplayThread.cpp CameraPresenter.cpp CameraThread.cpp DatabaseHelper.cpp DatabaseManager.cpp EnrollDialog.cpp EnrollPresenter.cpp FaceEngine.cpp FaceEngineBuilder.cpp ProcessingThread.cpp SDSFaceEngine.cpp SharedImageBuffer.cpp "SmartFace-WD.cpp" "SmartFace-WDDlg.cpp" Utils.cpp
         Utils.cpp
         SmartFace-WDDlg.cpp
     1>e:\workspace\smartface-wd\smartface-wd\EnrollDialog.h(52): warning C4520: 'EnrollDialog' : multiple default constructors specified
         SmartFace-WD.cpp
     1>e:\workspace\smartface-wd\smartface-wd\EnrollDialog.h(52): warning C4520: 'EnrollDialog' : multiple default constructors specified
         SharedImageBuffer.cpp
         SDSFaceEngine.cpp
         ProcessingThread.cpp
         FaceEngineBuilder.cpp
         FaceEngine.cpp
         EnrollPresenter.cpp
     1>e:\workspace\smartface-wd\smartface-wd\EnrollDialog.h(52): warning C4520: 'EnrollDialog' : multiple default constructors specified
         EnrollDialog.cpp
     1>e:\workspace\smartface-wd\smartface-wd\EnrollDialog.h(52): warning C4520: 'EnrollDialog' : multiple default constructors specified
         DatabaseManager.cpp
         DatabaseHelper.cpp
         CameraThread.cpp
         CameraPresenter.cpp
         CameraDisplayThread.cpp
         BaseDialog.cpp
         Generating Code...
       ResourceCompile:
         C:\Program Files (x86)\Windows Kits\8.1\bin\x86\rc.exe /D _DEBUG /D _UNICODE /D UNICODE /D _AFXDLL /l"0x0409" /Ix64\Debug\ /nologo /fo"x64\Debug\SmartFace-WD.res" SmartFace-WD.rc 
       Link:
         C:\Program Files (x86)\Microsoft Visual Studio 12.0\VC\bin\x86_amd64\link.exe /ERRORREPORT:PROMPT /OUT:"E:\workspace\SmartFace-WD\x64\Debug\SmartFace-WD.exe" /INCREMENTAL /NOLOGO /LIBPATH:E:\software\opencv\build\x64\vc12\lib /LIBPATH:"E:\software\samsung\sds\SDS-FR\SDK\lib" /LIBPATH:"C:\Program Files\MySQL\Connector.C++ 1.1\lib\opt" /LIBPATH:"C:\Program Files\MySQL\MySQL Server 5.7\lib" opencv_ts300d.lib opencv_world300d.lib SDSFace310W.lib mysqlcppconn.lib libmysql.lib /MANIFEST /MANIFESTUAC:"level='asInvoker' uiAccess='false'" /manifest:embed /manifestinput:"C:\Program Files (x86)\Microsoft Visual Studio 12.0\VC\Include\Manifest\dpiaware.manifest" /DEBUG /PDB:"E:\workspace\SmartFace-WD\x64\Debug\SmartFace-WD.pdb" /SUBSYSTEM:WINDOWS /TLBID:1 /ENTRY:"wWinMainCRTStartup" /DYNAMICBASE /NXCOMPAT /IMPLIB:"E:\workspace\SmartFace-WD\x64\Debug\SmartFace-WD.lib" /MACHINE:X64 "x64\Debug\SmartFace-WD.res"
         x64\Debug\BaseDialog.obj
         x64\Debug\CameraDisplayThread.obj
         x64\Debug\CameraPresenter.obj
         x64\Debug\CameraThread.obj
         x64\Debug\DatabaseHelper.obj
         x64\Debug\DatabaseManager.obj
         x64\Debug\EnrollDialog.obj
         x64\Debug\EnrollPresenter.obj
         x64\Debug\FaceEngine.obj
         x64\Debug\FaceEngineBuilder.obj
         x64\Debug\ProcessingThread.obj
         x64\Debug\SDSFaceEngine.obj
         x64\Debug\SharedImageBuffer.obj
         "x64\Debug\SmartFace-WD.obj"
         "x64\Debug\SmartFace-WDDlg.obj"
         x64\Debug\stdafx.obj
         x64\Debug\Utils.obj
     1>LINK : warning LNK4098: defaultlib 'MSVCRT' conflicts with use of other libs; use /NODEFAULTLIB:library
         SmartFace-WD.vcxproj -> E:\workspace\SmartFace-WD\x64\Debug\SmartFace-WD.exe
     1>Done Building Project "E:\workspace\SmartFace-WD\SmartFace-WD\SmartFace-WD.vcxproj" (Rebuild target(s)).

Build succeeded.

Time Elapsed 00:00:13.29
