e:\workspace\smartface-wd\smartface-wd\x64\debug\smartface-wd.pch
e:\workspace\smartface-wd\smartface-wd\x64\debug\vc120.pdb
e:\workspace\smartface-wd\smartface-wd\x64\debug\vc120.idb
e:\workspace\smartface-wd\smartface-wd\x64\debug\stdafx.obj
e:\workspace\smartface-wd\smartface-wd\x64\debug\basedialog.obj
e:\workspace\smartface-wd\smartface-wd\x64\debug\cameradisplaythread.obj
e:\workspace\smartface-wd\smartface-wd\x64\debug\camerapresenter.obj
e:\workspace\smartface-wd\smartface-wd\x64\debug\camerathread.obj
e:\workspace\smartface-wd\smartface-wd\x64\debug\databasehelper.obj
e:\workspace\smartface-wd\smartface-wd\x64\debug\databasemanager.obj
e:\workspace\smartface-wd\smartface-wd\x64\debug\enrolldialog.obj
e:\workspace\smartface-wd\smartface-wd\x64\debug\faceengine.obj
e:\workspace\smartface-wd\smartface-wd\x64\debug\faceenginebuilder.obj
e:\workspace\smartface-wd\smartface-wd\x64\debug\processingthread.obj
e:\workspace\smartface-wd\smartface-wd\x64\debug\sdsfaceengine.obj
e:\workspace\smartface-wd\smartface-wd\x64\debug\sharedimagebuffer.obj
e:\workspace\smartface-wd\smartface-wd\x64\debug\smartface-wd.obj
e:\workspace\smartface-wd\smartface-wd\x64\debug\smartface-wddlg.obj
e:\workspace\smartface-wd\smartface-wd\x64\debug\utils.obj
e:\workspace\smartface-wd\smartface-wd\x64\debug\enrollpresenter.obj
e:\workspace\smartface-wd\x64\debug\smartface-wd.ilk
e:\workspace\smartface-wd\x64\debug\smartface-wd.exe
e:\workspace\smartface-wd\x64\debug\smartface-wd.pdb
e:\workspace\smartface-wd\smartface-wd\x64\debug\smartface-wd.res
e:\workspace\smartface-wd\smartface-wd\x64\debug\smartface-wd.tlog\cl.command.1.tlog
e:\workspace\smartface-wd\smartface-wd\x64\debug\smartface-wd.tlog\cl.read.1.tlog
e:\workspace\smartface-wd\smartface-wd\x64\debug\smartface-wd.tlog\cl.write.1.tlog
e:\workspace\smartface-wd\smartface-wd\x64\debug\smartface-wd.tlog\link.command.1.tlog
e:\workspace\smartface-wd\smartface-wd\x64\debug\smartface-wd.tlog\link.read.1.tlog
e:\workspace\smartface-wd\smartface-wd\x64\debug\smartface-wd.tlog\link.write.1.tlog
e:\workspace\smartface-wd\smartface-wd\x64\debug\smartface-wd.tlog\rc.command.1.tlog
e:\workspace\smartface-wd\smartface-wd\x64\debug\smartface-wd.tlog\rc.read.1.tlog
e:\workspace\smartface-wd\smartface-wd\x64\debug\smartface-wd.tlog\rc.write.1.tlog
